<?xml version="1.0" encoding="UTF-8"?>
<!-- Generated by org.testng.reporters.JUnitReportReporter -->
<testsuite hostname="DESKTOP-RMP8VIN" failures="0" tests="3" name="Test_Ng.Priority" time="0.027" errors="0" timestamp="2023-01-04T16:28:04 IST" skipped="0">
  <testcase classname="Test_Ng.Priority" name="TC2" time="0.016"/>
  <system-out>
    <![CDATA[Running TC2]]>
  </system-out>
  <testcase classname="Test_Ng.Priority" name="TC3" time="0.004"/>
  <system-out>
    <![CDATA[Running TC3]]>
  </system-out>
  <testcase classname="Test_Ng.Priority" name="TC1" time="0.007"/>
  <system-out>
    <![CDATA[Running TC1]]>
  </system-out>
</testsuite> <!-- Test_Ng.Priority -->
