<?xml version="1.0" encoding="UTF-8"?>
<!-- Generated by org.testng.reporters.JUnitReportReporter -->
<testsuite hostname="DESKTOP-RMP8VIN" failures="0" tests="1" name="Page_Factory_Testing.Test1" time="5.130" errors="0" timestamp="2023-01-14T17:38:32 IST" skipped="0">
  <testcase classname="Page_Factory_Testing.Test1" name="verifyTest" time="5.130"/>
  <system-out>
    <![CDATA[Running verify test]]>
  </system-out>
</testsuite> <!-- Page_Factory_Testing.Test1 -->
