<?xml version="1.0" encoding="UTF-8"?>
<!-- Generated by org.testng.reporters.JUnitReportReporter -->
<testsuite hostname="DESKTOP-RMP8VIN" failures="0" tests="4" name="Test_Ng.Sample2" time="0.024" errors="0" timestamp="2023-01-04T17:36:50 IST" skipped="0">
  <testcase classname="Test_Ng.Sample2" name="TC8" time="0.009"/>
  <system-out>
    <![CDATA[Running TC8]]>
  </system-out>
  <testcase classname="Test_Ng.Sample2" name="TC7" time="0.002"/>
  <system-out>
    <![CDATA[Running TC7]]>
  </system-out>
  <testcase classname="Test_Ng.Sample2" name="TC6" time="0.010"/>
  <system-out>
    <![CDATA[Running TC6]]>
  </system-out>
  <testcase classname="Test_Ng.Sample2" name="TC5" time="0.003"/>
  <system-out>
    <![CDATA[Running TC5]]>
  </system-out>
</testsuite> <!-- Test_Ng.Sample2 -->
