<?xml version="1.0" encoding="UTF-8"?>
<!-- Generated by org.testng.reporters.JUnitReportReporter -->
<testsuite hostname="DESKTOP-RMP8VIN" failures="0" tests="5" name="Test_Ng.Invocation" time="0.049" errors="0" timestamp="2023-01-04T16:23:06 IST" skipped="0">
  <testcase classname="Test_Ng.Invocation" name="TC1" time="0.009"/>
  <system-out>
    <![CDATA[Running TC1 5 times]]>
  </system-out>
  <testcase classname="Test_Ng.Invocation" name="TC1" time="0.005"/>
  <system-out>
    <![CDATA[Running TC1 5 times]]>
  </system-out>
  <testcase classname="Test_Ng.Invocation" name="TC1" time="0.013"/>
  <system-out>
    <![CDATA[Running TC1 5 times]]>
  </system-out>
  <testcase classname="Test_Ng.Invocation" name="TC1" time="0.003"/>
  <system-out>
    <![CDATA[Running TC1 5 times]]>
  </system-out>
  <testcase classname="Test_Ng.Invocation" name="TC1" time="0.019"/>
  <system-out>
    <![CDATA[Running TC1 5 times]]>
  </system-out>
</testsuite> <!-- Test_Ng.Invocation -->
