<?xml version="1.0" encoding="UTF-8"?>
<!-- Generated by org.testng.reporters.JUnitReportReporter -->
<testsuite hostname="DESKTOP-RMP8VIN" failures="0" tests="4" name="Test_Ng.Sample1" time="0.033" errors="0" timestamp="2023-01-04T17:36:50 IST" skipped="0">
  <testcase classname="Test_Ng.Sample1" name="TC1" time="0.017"/>
  <system-out>
    <![CDATA[Running TC1]]>
  </system-out>
  <testcase classname="Test_Ng.Sample1" name="TC4" time="0.008"/>
  <system-out>
    <![CDATA[Running TC4]]>
  </system-out>
  <testcase classname="Test_Ng.Sample1" name="TC3" time="0.006"/>
  <system-out>
    <![CDATA[Running TC3]]>
  </system-out>
  <testcase classname="Test_Ng.Sample1" name="TC2" time="0.002"/>
  <system-out>
    <![CDATA[Running TC2]]>
  </system-out>
</testsuite> <!-- Test_Ng.Sample1 -->
