<?xml version="1.0" encoding="UTF-8"?>
<!-- Generated by org.testng.reporters.JUnitReportReporter -->
<testsuite hostname="DESKTOP-RMP8VIN" failures="0" tests="2" name="Test_Ng.Enabled" time="0.020" errors="0" timestamp="2023-01-04T17:23:34 IST" skipped="1">
  <testcase classname="Test_Ng.Enabled" name="TC1" time="0.020"/>
  <system-out>
    <![CDATA[My first programm]]>
  </system-out>
  <testcase classname="Test_Ng.Enabled" name="TC12">
    <skipped/>
  </testcase> <!-- TC12 -->
  <system-out/>
</testsuite> <!-- Test_Ng.Enabled -->
