<?xml version="1.0" encoding="UTF-8"?>
<!-- Generated by org.testng.reporters.JUnitReportReporter -->
<testsuite hostname="DESKTOP-RMP8VIN" failures="0" tests="1" name="Test_Ng.Parallel1" time="12.831" errors="0" timestamp="2023-01-04T17:45:41 IST" skipped="0">
  <testcase classname="Test_Ng.Parallel1" name="TC1" time="12.831"/>
  <system-out/>
</testsuite> <!-- Test_Ng.Parallel1 -->
