<?xml version="1.0" encoding="UTF-8"?>
<!-- Generated by org.testng.reporters.JUnitReportReporter -->
<testsuite hostname="DESKTOP-RMP8VIN" failures="0" tests="1" name="Test_Ng.Testing_Annotation" time="0.011" errors="0" timestamp="2023-01-04T16:19:52 IST" skipped="0">
  <testcase classname="Test_Ng.Testing_Annotation" name="verifyText" time="0.011"/>
  <system-out>
    <![CDATA[Running actual test]]>
  </system-out>
</testsuite> <!-- Test_Ng.Testing_Annotation -->
