<?xml version="1.0" encoding="UTF-8"?>
<!-- Generated by org.testng.reporters.JUnitReportReporter -->
<testsuite hostname="DESKTOP-RMP8VIN" failures="0" tests="4" name="Test_Ng.Sample3" time="0.010" errors="0" timestamp="2023-01-04T17:36:50 IST" skipped="0">
  <testcase classname="Test_Ng.Sample3" name="TC10" time="0.002"/>
  <system-out>
    <![CDATA[Running TC10]]>
  </system-out>
  <testcase classname="Test_Ng.Sample3" name="TC11" time="0.001"/>
  <system-out>
    <![CDATA[Running TC11]]>
  </system-out>
  <testcase classname="Test_Ng.Sample3" name="TC12" time="0.002"/>
  <system-out>
    <![CDATA[Running TC12]]>
  </system-out>
  <testcase classname="Test_Ng.Sample3" name="TC9" time="0.005"/>
  <system-out>
    <![CDATA[Running TC9]]>
  </system-out>
</testsuite> <!-- Test_Ng.Sample3 -->
